<?xml version="1.0" encoding="UTF-8"?>
<testsuite xmlns:xsi="http://www.w3.org/2001/XMLSchema-instance" xsi:noNamespaceSchemaLocation="https://maven.apache.org/surefire/maven-surefire-plugin/xsd/surefire-test-report.xsd" version="3.0.2" name="com.spring.genai.bfs.springboot_gemini_bfs.SpringbootGeminiBfsApplicationTests" time="2.263" tests="1" errors="0" skipped="0" failures="0">
  <properties>
    <property name="java.specification.version" value="21"/>
    <property name="sun.jnu.encoding" value="UTF-8"/>
    <property name="java.class.path" value="/home/opc/block-storage2/springboot-gemini-bfs/target/test-classes:/home/opc/block-storage2/springboot-gemini-bfs/target/classes:/home/opc/block-storage2/m2/org/springframework/boot/spring-boot-starter-web/3.4.4/spring-boot-starter-web-3.4.4.jar:/home/opc/block-storage2/m2/org/springframework/boot/spring-boot-starter/3.4.4/spring-boot-starter-3.4.4.jar:/home/opc/block-storage2/m2/org/springframework/boot/spring-boot/3.4.4/spring-boot-3.4.4.jar:/home/opc/block-storage2/m2/org/springframework/boot/spring-boot-autoconfigure/3.4.4/spring-boot-autoconfigure-3.4.4.jar:/home/opc/block-storage2/m2/org/springframework/boot/spring-boot-starter-logging/3.4.4/spring-boot-starter-logging-3.4.4.jar:/home/opc/block-storage2/m2/ch/qos/logback/logback-classic/1.5.18/logback-classic-1.5.18.jar:/home/opc/block-storage2/m2/ch/qos/logback/logback-core/1.5.18/logback-core-1.5.18.jar:/home/opc/block-storage2/m2/org/apache/logging/log4j/log4j-to-slf4j/2.24.3/log4j-to-slf4j-2.24.3.jar:/home/opc/block-storage2/m2/org/apache/logging/log4j/log4j-api/2.24.3/log4j-api-2.24.3.jar:/home/opc/block-storage2/m2/org/slf4j/jul-to-slf4j/2.0.17/jul-to-slf4j-2.0.17.jar:/home/opc/block-storage2/m2/jakarta/annotation/jakarta.annotation-api/2.1.1/jakarta.annotation-api-2.1.1.jar:/home/opc/block-storage2/m2/org/yaml/snakeyaml/2.3/snakeyaml-2.3.jar:/home/opc/block-storage2/m2/org/springframework/boot/spring-boot-starter-json/3.4.4/spring-boot-starter-json-3.4.4.jar:/home/opc/block-storage2/m2/com/fasterxml/jackson/core/jackson-databind/2.18.3/jackson-databind-2.18.3.jar:/home/opc/block-storage2/m2/com/fasterxml/jackson/core/jackson-annotations/2.18.3/jackson-annotations-2.18.3.jar:/home/opc/block-storage2/m2/com/fasterxml/jackson/core/jackson-core/2.18.3/jackson-core-2.18.3.jar:/home/opc/block-storage2/m2/com/fasterxml/jackson/datatype/jackson-datatype-jdk8/2.18.3/jackson-datatype-jdk8-2.18.3.jar:/home/opc/block-storage2/m2/com/fasterxml/jackson/datatype/jackson-datatype-jsr310/2.18.3/jackson-datatype-jsr310-2.18.3.jar:/home/opc/block-storage2/m2/com/fasterxml/jackson/module/jackson-module-parameter-names/2.18.3/jackson-module-parameter-names-2.18.3.jar:/home/opc/block-storage2/m2/org/springframework/boot/spring-boot-starter-tomcat/3.4.4/spring-boot-starter-tomcat-3.4.4.jar:/home/opc/block-storage2/m2/org/apache/tomcat/embed/tomcat-embed-core/10.1.39/tomcat-embed-core-10.1.39.jar:/home/opc/block-storage2/m2/org/apache/tomcat/embed/tomcat-embed-el/10.1.39/tomcat-embed-el-10.1.39.jar:/home/opc/block-storage2/m2/org/apache/tomcat/embed/tomcat-embed-websocket/10.1.39/tomcat-embed-websocket-10.1.39.jar:/home/opc/block-storage2/m2/org/springframework/spring-web/6.2.5/spring-web-6.2.5.jar:/home/opc/block-storage2/m2/org/springframework/spring-beans/6.2.5/spring-beans-6.2.5.jar:/home/opc/block-storage2/m2/io/micrometer/micrometer-observation/1.14.5/micrometer-observation-1.14.5.jar:/home/opc/block-storage2/m2/io/micrometer/micrometer-commons/1.14.5/micrometer-commons-1.14.5.jar:/home/opc/block-storage2/m2/org/springframework/spring-webmvc/6.2.5/spring-webmvc-6.2.5.jar:/home/opc/block-storage2/m2/org/springframework/spring-aop/6.2.5/spring-aop-6.2.5.jar:/home/opc/block-storage2/m2/org/springframework/spring-context/6.2.5/spring-context-6.2.5.jar:/home/opc/block-storage2/m2/org/springframework/spring-expression/6.2.5/spring-expression-6.2.5.jar:/home/opc/block-storage2/m2/org/springframework/boot/spring-boot-starter-test/3.4.4/spring-boot-starter-test-3.4.4.jar:/home/opc/block-storage2/m2/org/springframework/boot/spring-boot-test/3.4.4/spring-boot-test-3.4.4.jar:/home/opc/block-storage2/m2/org/springframework/boot/spring-boot-test-autoconfigure/3.4.4/spring-boot-test-autoconfigure-3.4.4.jar:/home/opc/block-storage2/m2/com/jayway/jsonpath/json-path/2.9.0/json-path-2.9.0.jar:/home/opc/block-storage2/m2/org/slf4j/slf4j-api/2.0.17/slf4j-api-2.0.17.jar:/home/opc/block-storage2/m2/jakarta/xml/bind/jakarta.xml.bind-api/4.0.2/jakarta.xml.bind-api-4.0.2.jar:/home/opc/block-storage2/m2/jakarta/activation/jakarta.activation-api/2.1.3/jakarta.activation-api-2.1.3.jar:/home/opc/block-storage2/m2/net/minidev/json-smart/2.5.2/json-smart-2.5.2.jar:/home/opc/block-storage2/m2/net/minidev/accessors-smart/2.5.2/accessors-smart-2.5.2.jar:/home/opc/block-storage2/m2/org/ow2/asm/asm/9.7.1/asm-9.7.1.jar:/home/opc/block-storage2/m2/org/assertj/assertj-core/3.26.3/assertj-core-3.26.3.jar:/home/opc/block-storage2/m2/net/bytebuddy/byte-buddy/1.15.11/byte-buddy-1.15.11.jar:/home/opc/block-storage2/m2/org/awaitility/awaitility/4.2.2/awaitility-4.2.2.jar:/home/opc/block-storage2/m2/org/hamcrest/hamcrest/2.2/hamcrest-2.2.jar:/home/opc/block-storage2/m2/org/junit/jupiter/junit-jupiter/5.11.4/junit-jupiter-5.11.4.jar:/home/opc/block-storage2/m2/org/junit/jupiter/junit-jupiter-api/5.11.4/junit-jupiter-api-5.11.4.jar:/home/opc/block-storage2/m2/org/opentest4j/opentest4j/1.3.0/opentest4j-1.3.0.jar:/home/opc/block-storage2/m2/org/junit/platform/junit-platform-commons/1.11.4/junit-platform-commons-1.11.4.jar:/home/opc/block-storage2/m2/org/apiguardian/apiguardian-api/1.1.2/apiguardian-api-1.1.2.jar:/home/opc/block-storage2/m2/org/junit/jupiter/junit-jupiter-params/5.11.4/junit-jupiter-params-5.11.4.jar:/home/opc/block-storage2/m2/org/junit/jupiter/junit-jupiter-engine/5.11.4/junit-jupiter-engine-5.11.4.jar:/home/opc/block-storage2/m2/org/junit/platform/junit-platform-engine/1.11.4/junit-platform-engine-1.11.4.jar:/home/opc/block-storage2/m2/org/mockito/mockito-core/5.14.2/mockito-core-5.14.2.jar:/home/opc/block-storage2/m2/net/bytebuddy/byte-buddy-agent/1.15.11/byte-buddy-agent-1.15.11.jar:/home/opc/block-storage2/m2/org/objenesis/objenesis/3.3/objenesis-3.3.jar:/home/opc/block-storage2/m2/org/mockito/mockito-junit-jupiter/5.14.2/mockito-junit-jupiter-5.14.2.jar:/home/opc/block-storage2/m2/org/skyscreamer/jsonassert/1.5.3/jsonassert-1.5.3.jar:/home/opc/block-storage2/m2/com/vaadin/external/google/android-json/0.0.20131108.vaadin1/android-json-0.0.20131108.vaadin1.jar:/home/opc/block-storage2/m2/org/springframework/spring-core/6.2.5/spring-core-6.2.5.jar:/home/opc/block-storage2/m2/org/springframework/spring-jcl/6.2.5/spring-jcl-6.2.5.jar:/home/opc/block-storage2/m2/org/springframework/spring-test/6.2.5/spring-test-6.2.5.jar:/home/opc/block-storage2/m2/org/xmlunit/xmlunit-core/2.10.0/xmlunit-core-2.10.0.jar:/home/opc/block-storage2/m2/dev/langchain4j/langchain4j/1.0.0-beta2/langchain4j-1.0.0-beta2.jar:/home/opc/block-storage2/m2/dev/langchain4j/langchain4j-core/1.0.0-beta2/langchain4j-core-1.0.0-beta2.jar:/home/opc/block-storage2/m2/org/jspecify/jspecify/1.0.0/jspecify-1.0.0.jar:/home/opc/block-storage2/m2/org/apache/opennlp/opennlp-tools/1.9.4/opennlp-tools-1.9.4.jar:/home/opc/block-storage2/m2/dev/langchain4j/langchain4j-google-ai-gemini/1.0.0-beta2/langchain4j-google-ai-gemini-1.0.0-beta2.jar:/home/opc/block-storage2/m2/com/google/code/gson/gson/2.11.0/gson-2.11.0.jar:/home/opc/block-storage2/m2/com/google/errorprone/error_prone_annotations/2.27.0/error_prone_annotations-2.27.0.jar:"/>
    <property name="java.vm.vendor" value="Oracle Corporation"/>
    <property name="sun.arch.data.model" value="64"/>
    <property name="java.vendor.url" value="https://java.oracle.com/"/>
    <property name="user.timezone" value="GMT"/>
    <property name="os.name" value="Linux"/>
    <property name="java.vm.specification.version" value="21"/>
    <property name="APPLICATION_NAME" value="springboot-gemini-bfs"/>
    <property name="sun.java.launcher" value="SUN_STANDARD"/>
    <property name="user.country" value="US"/>
    <property name="sun.boot.library.path" value="/usr/lib64/graalvm/graalvm-java21/lib"/>
    <property name="sun.java.command" value="/home/opc/block-storage2/springboot-gemini-bfs/target/surefire/surefirebooter-20250409212632102_3.jar /home/opc/block-storage2/springboot-gemini-bfs/target/surefire 2025-04-09T21-26-32_037-jvmRun1 surefire-20250409212632102_1tmp surefire_0-20250409212632102_2tmp"/>
    <property name="jdk.debug" value="release"/>
    <property name="surefire.test.class.path" value="/home/opc/block-storage2/springboot-gemini-bfs/target/test-classes:/home/opc/block-storage2/springboot-gemini-bfs/target/classes:/home/opc/block-storage2/m2/org/springframework/boot/spring-boot-starter-web/3.4.4/spring-boot-starter-web-3.4.4.jar:/home/opc/block-storage2/m2/org/springframework/boot/spring-boot-starter/3.4.4/spring-boot-starter-3.4.4.jar:/home/opc/block-storage2/m2/org/springframework/boot/spring-boot/3.4.4/spring-boot-3.4.4.jar:/home/opc/block-storage2/m2/org/springframework/boot/spring-boot-autoconfigure/3.4.4/spring-boot-autoconfigure-3.4.4.jar:/home/opc/block-storage2/m2/org/springframework/boot/spring-boot-starter-logging/3.4.4/spring-boot-starter-logging-3.4.4.jar:/home/opc/block-storage2/m2/ch/qos/logback/logback-classic/1.5.18/logback-classic-1.5.18.jar:/home/opc/block-storage2/m2/ch/qos/logback/logback-core/1.5.18/logback-core-1.5.18.jar:/home/opc/block-storage2/m2/org/apache/logging/log4j/log4j-to-slf4j/2.24.3/log4j-to-slf4j-2.24.3.jar:/home/opc/block-storage2/m2/org/apache/logging/log4j/log4j-api/2.24.3/log4j-api-2.24.3.jar:/home/opc/block-storage2/m2/org/slf4j/jul-to-slf4j/2.0.17/jul-to-slf4j-2.0.17.jar:/home/opc/block-storage2/m2/jakarta/annotation/jakarta.annotation-api/2.1.1/jakarta.annotation-api-2.1.1.jar:/home/opc/block-storage2/m2/org/yaml/snakeyaml/2.3/snakeyaml-2.3.jar:/home/opc/block-storage2/m2/org/springframework/boot/spring-boot-starter-json/3.4.4/spring-boot-starter-json-3.4.4.jar:/home/opc/block-storage2/m2/com/fasterxml/jackson/core/jackson-databind/2.18.3/jackson-databind-2.18.3.jar:/home/opc/block-storage2/m2/com/fasterxml/jackson/core/jackson-annotations/2.18.3/jackson-annotations-2.18.3.jar:/home/opc/block-storage2/m2/com/fasterxml/jackson/core/jackson-core/2.18.3/jackson-core-2.18.3.jar:/home/opc/block-storage2/m2/com/fasterxml/jackson/datatype/jackson-datatype-jdk8/2.18.3/jackson-datatype-jdk8-2.18.3.jar:/home/opc/block-storage2/m2/com/fasterxml/jackson/datatype/jackson-datatype-jsr310/2.18.3/jackson-datatype-jsr310-2.18.3.jar:/home/opc/block-storage2/m2/com/fasterxml/jackson/module/jackson-module-parameter-names/2.18.3/jackson-module-parameter-names-2.18.3.jar:/home/opc/block-storage2/m2/org/springframework/boot/spring-boot-starter-tomcat/3.4.4/spring-boot-starter-tomcat-3.4.4.jar:/home/opc/block-storage2/m2/org/apache/tomcat/embed/tomcat-embed-core/10.1.39/tomcat-embed-core-10.1.39.jar:/home/opc/block-storage2/m2/org/apache/tomcat/embed/tomcat-embed-el/10.1.39/tomcat-embed-el-10.1.39.jar:/home/opc/block-storage2/m2/org/apache/tomcat/embed/tomcat-embed-websocket/10.1.39/tomcat-embed-websocket-10.1.39.jar:/home/opc/block-storage2/m2/org/springframework/spring-web/6.2.5/spring-web-6.2.5.jar:/home/opc/block-storage2/m2/org/springframework/spring-beans/6.2.5/spring-beans-6.2.5.jar:/home/opc/block-storage2/m2/io/micrometer/micrometer-observation/1.14.5/micrometer-observation-1.14.5.jar:/home/opc/block-storage2/m2/io/micrometer/micrometer-commons/1.14.5/micrometer-commons-1.14.5.jar:/home/opc/block-storage2/m2/org/springframework/spring-webmvc/6.2.5/spring-webmvc-6.2.5.jar:/home/opc/block-storage2/m2/org/springframework/spring-aop/6.2.5/spring-aop-6.2.5.jar:/home/opc/block-storage2/m2/org/springframework/spring-context/6.2.5/spring-context-6.2.5.jar:/home/opc/block-storage2/m2/org/springframework/spring-expression/6.2.5/spring-expression-6.2.5.jar:/home/opc/block-storage2/m2/org/springframework/boot/spring-boot-starter-test/3.4.4/spring-boot-starter-test-3.4.4.jar:/home/opc/block-storage2/m2/org/springframework/boot/spring-boot-test/3.4.4/spring-boot-test-3.4.4.jar:/home/opc/block-storage2/m2/org/springframework/boot/spring-boot-test-autoconfigure/3.4.4/spring-boot-test-autoconfigure-3.4.4.jar:/home/opc/block-storage2/m2/com/jayway/jsonpath/json-path/2.9.0/json-path-2.9.0.jar:/home/opc/block-storage2/m2/org/slf4j/slf4j-api/2.0.17/slf4j-api-2.0.17.jar:/home/opc/block-storage2/m2/jakarta/xml/bind/jakarta.xml.bind-api/4.0.2/jakarta.xml.bind-api-4.0.2.jar:/home/opc/block-storage2/m2/jakarta/activation/jakarta.activation-api/2.1.3/jakarta.activation-api-2.1.3.jar:/home/opc/block-storage2/m2/net/minidev/json-smart/2.5.2/json-smart-2.5.2.jar:/home/opc/block-storage2/m2/net/minidev/accessors-smart/2.5.2/accessors-smart-2.5.2.jar:/home/opc/block-storage2/m2/org/ow2/asm/asm/9.7.1/asm-9.7.1.jar:/home/opc/block-storage2/m2/org/assertj/assertj-core/3.26.3/assertj-core-3.26.3.jar:/home/opc/block-storage2/m2/net/bytebuddy/byte-buddy/1.15.11/byte-buddy-1.15.11.jar:/home/opc/block-storage2/m2/org/awaitility/awaitility/4.2.2/awaitility-4.2.2.jar:/home/opc/block-storage2/m2/org/hamcrest/hamcrest/2.2/hamcrest-2.2.jar:/home/opc/block-storage2/m2/org/junit/jupiter/junit-jupiter/5.11.4/junit-jupiter-5.11.4.jar:/home/opc/block-storage2/m2/org/junit/jupiter/junit-jupiter-api/5.11.4/junit-jupiter-api-5.11.4.jar:/home/opc/block-storage2/m2/org/opentest4j/opentest4j/1.3.0/opentest4j-1.3.0.jar:/home/opc/block-storage2/m2/org/junit/platform/junit-platform-commons/1.11.4/junit-platform-commons-1.11.4.jar:/home/opc/block-storage2/m2/org/apiguardian/apiguardian-api/1.1.2/apiguardian-api-1.1.2.jar:/home/opc/block-storage2/m2/org/junit/jupiter/junit-jupiter-params/5.11.4/junit-jupiter-params-5.11.4.jar:/home/opc/block-storage2/m2/org/junit/jupiter/junit-jupiter-engine/5.11.4/junit-jupiter-engine-5.11.4.jar:/home/opc/block-storage2/m2/org/junit/platform/junit-platform-engine/1.11.4/junit-platform-engine-1.11.4.jar:/home/opc/block-storage2/m2/org/mockito/mockito-core/5.14.2/mockito-core-5.14.2.jar:/home/opc/block-storage2/m2/net/bytebuddy/byte-buddy-agent/1.15.11/byte-buddy-agent-1.15.11.jar:/home/opc/block-storage2/m2/org/objenesis/objenesis/3.3/objenesis-3.3.jar:/home/opc/block-storage2/m2/org/mockito/mockito-junit-jupiter/5.14.2/mockito-junit-jupiter-5.14.2.jar:/home/opc/block-storage2/m2/org/skyscreamer/jsonassert/1.5.3/jsonassert-1.5.3.jar:/home/opc/block-storage2/m2/com/vaadin/external/google/android-json/0.0.20131108.vaadin1/android-json-0.0.20131108.vaadin1.jar:/home/opc/block-storage2/m2/org/springframework/spring-core/6.2.5/spring-core-6.2.5.jar:/home/opc/block-storage2/m2/org/springframework/spring-jcl/6.2.5/spring-jcl-6.2.5.jar:/home/opc/block-storage2/m2/org/springframework/spring-test/6.2.5/spring-test-6.2.5.jar:/home/opc/block-storage2/m2/org/xmlunit/xmlunit-core/2.10.0/xmlunit-core-2.10.0.jar:/home/opc/block-storage2/m2/dev/langchain4j/langchain4j/1.0.0-beta2/langchain4j-1.0.0-beta2.jar:/home/opc/block-storage2/m2/dev/langchain4j/langchain4j-core/1.0.0-beta2/langchain4j-core-1.0.0-beta2.jar:/home/opc/block-storage2/m2/org/jspecify/jspecify/1.0.0/jspecify-1.0.0.jar:/home/opc/block-storage2/m2/org/apache/opennlp/opennlp-tools/1.9.4/opennlp-tools-1.9.4.jar:/home/opc/block-storage2/m2/dev/langchain4j/langchain4j-google-ai-gemini/1.0.0-beta2/langchain4j-google-ai-gemini-1.0.0-beta2.jar:/home/opc/block-storage2/m2/com/google/code/gson/gson/2.11.0/gson-2.11.0.jar:/home/opc/block-storage2/m2/com/google/errorprone/error_prone_annotations/2.27.0/error_prone_annotations-2.27.0.jar:"/>
    <property name="sun.cpu.endian" value="little"/>
    <property name="user.home" value="/home/opc"/>
    <property name="user.language" value="en"/>
    <property name="java.specification.vendor" value="Oracle Corporation"/>
    <property name="java.version.date" value="2024-01-16"/>
    <property name="java.home" value="/usr/lib64/graalvm/graalvm-java21"/>
    <property name="file.separator" value="/"/>
    <property name="basedir" value="/home/opc/block-storage2/springboot-gemini-bfs"/>
    <property name="java.vm.compressedOopsMode" value="Zero based"/>
    <property name="jdk.internal.vm.ci.enabled" value="true"/>
    <property name="line.separator" value="&#10;"/>
    <property name="java.vm.specification.vendor" value="Oracle Corporation"/>
    <property name="java.specification.name" value="Java Platform API Specification"/>
    <property name="FILE_LOG_CHARSET" value="UTF-8"/>
    <property name="java.awt.headless" value="true"/>
    <property name="surefire.real.class.path" value="/home/opc/block-storage2/springboot-gemini-bfs/target/surefire/surefirebooter-20250409212632102_3.jar"/>
    <property name="sun.management.compiler" value="HotSpot 64-Bit Tiered Compilers"/>
    <property name="java.runtime.version" value="21.0.2+13-LTS-jvmci-23.1-b30"/>
    <property name="user.name" value="opc"/>
    <property name="stdout.encoding" value="UTF-8"/>
    <property name="path.separator" value=":"/>
    <property name="os.version" value="5.15.0-203.146.5.1.el8uek.x86_64"/>
    <property name="java.runtime.name" value="Java(TM) SE Runtime Environment"/>
    <property name="file.encoding" value="UTF-8"/>
    <property name="java.vm.name" value="Java HotSpot(TM) 64-Bit Server VM"/>
    <property name="java.vendor.version" value="Oracle GraalVM 21.0.2+13.1"/>
    <property name="localRepository" value="/home/opc/block-storage2/m2"/>
    <property name="java.vendor.url.bug" value="https://bugreport.java.com/bugreport/"/>
    <property name="java.io.tmpdir" value="/tmp"/>
    <property name="java.version" value="21.0.2"/>
    <property name="user.dir" value="/home/opc/block-storage2/springboot-gemini-bfs"/>
    <property name="os.arch" value="amd64"/>
    <property name="java.vm.specification.name" value="Java Virtual Machine Specification"/>
    <property name="PID" value="43005"/>
    <property name="CONSOLE_LOG_CHARSET" value="UTF-8"/>
    <property name="native.encoding" value="UTF-8"/>
    <property name="java.library.path" value="/usr/java/packages/lib:/usr/lib64:/lib64:/lib:/usr/lib"/>
    <property name="java.vm.info" value="mixed mode, sharing"/>
    <property name="stderr.encoding" value="UTF-8"/>
    <property name="java.vendor" value="Oracle Corporation"/>
    <property name="java.vm.version" value="21.0.2+13-LTS-jvmci-23.1-b30"/>
    <property name="sun.io.unicode.encoding" value="UnicodeLittle"/>
    <property name="java.class.version" value="65.0"/>
    <property name="LOGGED_APPLICATION_NAME" value="[springboot-gemini-bfs] "/>
  </properties>
  <testcase name="contextLoads" classname="com.spring.genai.bfs.springboot_gemini_bfs.SpringbootGeminiBfsApplicationTests" time="0.619">
    <system-out><![CDATA[21:26:32.775 [main] INFO org.springframework.test.context.support.AnnotationConfigContextLoaderUtils -- Could not detect default configuration classes for test class [com.spring.genai.bfs.springboot_gemini_bfs.SpringbootGeminiBfsApplicationTests]: SpringbootGeminiBfsApplicationTests does not declare any static, non-private, non-final, nested classes annotated with @Configuration.
21:26:32.862 [main] INFO org.springframework.boot.test.context.SpringBootTestContextBootstrapper -- Found @SpringBootConfiguration com.spring.genai.bfs.springboot_gemini_bfs.SpringbootGeminiBfsApplication for test class com.spring.genai.bfs.springboot_gemini_bfs.SpringbootGeminiBfsApplicationTests

  .   ____          _            __ _ _
 /\\ / ___'_ __ _ _(_)_ __  __ _ \ \ \ \
( ( )\___ | '_ | '_| | '_ \/ _` | \ \ \ \
 \\/  ___)| |_)| | | | | || (_| |  ) ) ) )
  '  |____| .__|_| |_|_| |_\__, | / / / /
 =========|_|==============|___/=/_/_/_/

 :: Spring Boot ::                (v3.4.4)

2025-04-09T21:26:33.205Z  INFO 43005 --- [springboot-gemini-bfs] [           main] .b.s.SpringbootGeminiBfsApplicationTests : Starting SpringbootGeminiBfsApplicationTests using Java 21.0.2 with PID 43005 (started by opc in /home/opc/block-storage2/springboot-gemini-bfs)
2025-04-09T21:26:33.207Z  INFO 43005 --- [springboot-gemini-bfs] [           main] .b.s.SpringbootGeminiBfsApplicationTests : No active profile set, falling back to 1 default profile: "default"
2025-04-09T21:26:34.278Z  INFO 43005 --- [springboot-gemini-bfs] [           main] .b.s.SpringbootGeminiBfsApplicationTests : Started SpringbootGeminiBfsApplicationTests in 1.302 seconds (process running for 2.134)
]]></system-out>
    <system-err><![CDATA[Mockito is currently self-attaching to enable the inline-mock-maker. This will no longer work in future releases of the JDK. Please add Mockito as an agent to your build what is described in Mockito's documentation: https://javadoc.io/doc/org.mockito/mockito-core/latest/org/mockito/Mockito.html#0.3
WARNING: A Java agent has been loaded dynamically (/home/opc/block-storage2/m2/net/bytebuddy/byte-buddy-agent/1.15.11/byte-buddy-agent-1.15.11.jar)
WARNING: If a serviceability tool is in use, please run with -XX:+EnableDynamicAgentLoading to hide this warning
WARNING: If a serviceability tool is not in use, please run with -Djdk.instrument.traceUsage for more information
WARNING: Dynamic loading of agents will be disallowed by default in a future release
]]></system-err>
  </testcase>
</testsuite>